Script started on Tue 04 Apr 2017 08:03:10 PM PDT
]0;shirva@ubuntu: ~/kernel2/weenix/weenixshirva@ubuntu:~/kernel2/weenix/weenix$ exit./weenix -n
/usr/bin/qemu-system-i386
[31;40mSIGNATURE: 53616c7465645f5f9ade479f080a13cde191339abdadbe2238932dcab71c0d91d3e822396c9e22c7a870af900fadc8f2
[0m[31;40mtest/kshell/kshell.c:82 kshell_add_command(): Added help command
[0m[31;40mtest/kshell/kshell.c:82 kshell_add_command(): Added echo command
[0m[31;40mtest/kshell/kshell.c:82 kshell_add_command(): Added cat command
[0m[31;40mtest/kshell/kshell.c:82 kshell_add_command(): Added ls command
[0m[31;40mtest/kshell/kshell.c:82 kshell_add_command(): Added cd command
[0m[31;40mtest/kshell/kshell.c:82 kshell_add_command(): Added rm command
[0m[31;40mtest/kshell/kshell.c:82 kshell_add_command(): Added link command
[0m[31;40mtest/kshell/kshell.c:82 kshell_add_command(): Added rmdir command
[0m[31;40mtest/kshell/kshell.c:82 kshell_add_command(): Added mkdir command
[0m[31;40mtest/kshell/kshell.c:82 kshell_add_command(): Added stat command
[0m[31;40mtest/kshell/kshell.c:82 kshell_add_command(): Added exit command
[0m[31;40mtest/kshell/kshell.c:82 kshell_add_command(): Added faber command
[0m[31;40mtest/kshell/kshell.c:82 kshell_add_command(): Added deadlock command
[0m[31;40mtest/kshell/kshell.c:82 kshell_add_command(): Added sunghan command
[0m[31;40mtest/kshell/kshell.c:82 kshell_add_command(): Added vfstest command
[0m[31;40mtest/kshell/kshell.c:82 kshell_add_command(): Added thrtest command
[0m[31;40mtest/kshell/kshell.c:82 kshell_add_command(): Added dirtest command
[0m[31;40mtest/kshell/kshell.c:117 kshell_create(): kshell successfully created on TTY 0
[0m[31;40mtest/kshell/kshell.c:430 kshell_execute_next(): Attempting to execute command 'exit'
[0m[31;40mtest/kshell/kshell.c:129 kshell_destroy(): kshell with file descriptor 0 destroyed
[0mweenix: vfs shutdown...

weenix: halted cleanly!
]0;shirva@ubuntu: ~/kernel2/weenix/weenixshirva@ubuntu:~/kernel2/weenix/weenix$ ./weenix -n[7Pexit[K[K[K[K./weenix -n[K[K[K[K[K[K[K[K[K[K[Kexit./weenix -n[K[K[K[K[K[K[K[K[K[K[Kexitgrep 'do_open(): newpath' typescript[1@lseek[C[C[C[C[C[C[C[C[C[C[C[C[C[C[C[C[C[C[C[C[C[C[C[2@getdent[C[C[C[C[C[C[C[C[C[C[C[C[C[C[C[C[C[C[C[C[C[C[C[1Punlink[C[C[C[C[C[C[C[C[C[C[C[C[C[C[C[C[C[C[C[C[C[C[C[1Pmknod[C[C[C[C[C[C[C[C[C[C[C[C[C[C[C[C[C[C[C[C[C[C[C[1@unlink[C[C[C[C[C[C[C[C[C[C[C[C[C[C[C[C[C[C[C[C[C[C[C[1@getdent[C[C[C[C[C[C[C[C[C[C[C[C[C[C[C[C[C[C[C[C[C[C[C[2Plseek[C[C[C[C[C[C[C[C[C[C[C[C[C[C[C[C[C[C[C[C[C[C[C[1Popen[C[C[C[C[C[C[C[C[C[C[C[C[C[C[C[C[C[C[C[C[C[C[Cexit[K[Kexit[K[K[K[K./weenix -n
/usr/bin/qemu-system-i386
[31;40mSIGNATURE: 53616c7465645f5f9ade479f080a13cde191339abdadbe2238932dcab71c0d91d3e822396c9e22c7a870af900fadc8f2
[0m[31;40mtest/kshell/kshell.c:82 kshell_add_command(): Added help command
[0m[31;40mtest/kshell/kshell.c:82 kshell_add_command(): Added echo command
[0m[31;40mtest/kshell/kshell.c:82 kshell_add_command(): Added cat command
[0m[31;40mtest/kshell/kshell.c:82 kshell_add_command(): Added ls command
[0m[31;40mtest/kshell/kshell.c:82 kshell_add_command(): Added cd command
[0m[31;40mtest/kshell/kshell.c:82 kshell_add_command(): Added rm command
[0m[31;40mtest/kshell/kshell.c:82 kshell_add_command(): Added link command
[0m[31;40mtest/kshell/kshell.c:82 kshell_add_command(): Added rmdir command
[0m[31;40mtest/kshell/kshell.c:82 kshell_add_command(): Added mkdir command
[0m[31;40mtest/kshell/kshell.c:82 kshell_add_command(): Added stat command
[0m[31;40mtest/kshell/kshell.c:82 kshell_add_command(): Added exit command
[0m[31;40mtest/kshell/kshell.c:82 kshell_add_command(): Added faber command
[0m[31;40mtest/kshell/kshell.c:82 kshell_add_command(): Added deadlock command
[0m[31;40mtest/kshell/kshell.c:82 kshell_add_command(): Added sunghan command
[0m[31;40mtest/kshell/kshell.c:82 kshell_add_command(): Added vfstest command
[0m[31;40mtest/kshell/kshell.c:82 kshell_add_command(): Added thrtest command
[0m[31;40mtest/kshell/kshell.c:82 kshell_add_command(): Added dirtest command
[0m[31;40mtest/kshell/kshell.c:117 kshell_create(): kshell successfully created on TTY 0
[0m[31;40mtest/kshell/kshell.c:430 kshell_execute_next(): Attempting to execute command 'vfstest'
[0m[31;40mtest/vfstest/vfstest.c:175 vfstest_start(): Created test root directory: ./vfstest-505826665
[0m[31;40mtest/vfstest/vfstest.c:238 vfstest_stat(): Testing stat
[0m[31;40mtest/vfstest/vfstest.c:317 vfstest_chdir(): Testing chdir
[0m[31;40mtest/vfstest/vfstest.c:269 vfstest_mkdir(): Testing mkdir
[0m[31;40mtest/vfstest/vfstest.c:356 vfstest_paths(): Testing paths
[0m[31;40mtest/vfstest/vfstest.c:426 vfstest_fd(): Testing fd
[0m[31;40mtest/vfstest/vfstest.c:651 vfstest_open(): Testing open
[0m[31;40mtest/vfstest/vfstest.c:743 vfstest_read(): Testing read
[0m[31;40mtest/vfstest/vfstest.c:848 vfstest_getdents(): Testing getdents
[0m[31;40mtest/vfstest/vfstest.c:188 vfstest_term(): Removed test root directory: ./vfstest-505826665
[0m[31;40mtests completed:
[0m[31;40m		574 passed
[0m[31;40m		0 failed
[0m[31;40mtest/kshell/kshell.c:430 kshell_execute_next(): Attempting to execute command 'thrtest'
[0m[31;40mtest/kshell/kshell.c:430 kshell_execute_next(): Attempting to execute command 'thrtest'
[0m[31;40mtest/kshell/kshell.c:430 kshell_execute_next(): Attempting to execute command 'thrtest'
[0m[31;40mtest/kshell/kshell.c:430 kshell_execute_next(): Attempting to execute command 'thrtest'
[0m[31;40mtest/kshell/kshell.c:430 kshell_execute_next(): Attempting to execute command 'dirtest'
[0m[31;40mtest/kshell/kshell.c:430 kshell_execute_next(): Attempting to execute command 'exit'
[0m[31;40mtest/kshell/kshell.c:129 kshell_destroy(): kshell with file descriptor 0 destroyed
[0mweenix: vfs shutdown...

weenix: halted cleanly!
]0;shirva@ubuntu: ~/kernel2/weenix/weenixshirva@ubuntu:~/kernel2/weenix/weenix$ ./weenix -n[Kexit[Kmake[K[K[K[Kma[K[K./weenix -n
/usr/bin/qemu-system-i386
[31;40mSIGNATURE: 53616c7465645f5f9ade479f080a13cde191339abdadbe2238932dcab71c0d91d3e822396c9e22c7a870af900fadc8f2
[0m[31;40mtest/kshell/kshell.c:82 kshell_add_command(): Added help command
[0m[31;40mtest/kshell/kshell.c:82 kshell_add_command(): Added echo command
[0m[31;40mtest/kshell/kshell.c:82 kshell_add_command(): Added cat command
[0m[31;40mtest/kshell/kshell.c:82 kshell_add_command(): Added ls command
[0m[31;40mtest/kshell/kshell.c:82 kshell_add_command(): Added cd command
[0m[31;40mtest/kshell/kshell.c:82 kshell_add_command(): Added rm command
[0m[31;40mtest/kshell/kshell.c:82 kshell_add_command(): Added link command
[0m[31;40mtest/kshell/kshell.c:82 kshell_add_command(): Added rmdir command
[0m[31;40mtest/kshell/kshell.c:82 kshell_add_command(): Added mkdir command
[0m[31;40mtest/kshell/kshell.c:82 kshell_add_command(): Added stat command
[0m[31;40mtest/kshell/kshell.c:82 kshell_add_command(): Added exit command
[0m[31;40mtest/kshell/kshell.c:82 kshell_add_command(): Added faber command
[0m[31;40mtest/kshell/kshell.c:82 kshell_add_command(): Added deadlock command
[0m[31;40mtest/kshell/kshell.c:82 kshell_add_command(): Added sunghan command
[0m[31;40mtest/kshell/kshell.c:82 kshell_add_command(): Added vfstest command
[0m[31;40mtest/kshell/kshell.c:82 kshell_add_command(): Added thrtest command
[0m[31;40mtest/kshell/kshell.c:82 kshell_add_command(): Added dirtest command
[0m[31;40mtest/kshell/kshell.c:117 kshell_create(): kshell successfully created on TTY 0
[0m[31;40mtest/kshell/kshell.c:430 kshell_execute_next(): Attempting to execute command 'vfstest'
[0m[31;40mtest/vfstest/vfstest.c:175 vfstest_start(): Created test root directory: ./vfstest-505826665
[0m[31;40mtest/vfstest/vfstest.c:238 vfstest_stat(): Testing stat
[0m[31;40mtest/vfstest/vfstest.c:317 vfstest_chdir(): Testing chdir
[0m[31;40mtest/vfstest/vfstest.c:269 vfstest_mkdir(): Testing mkdir
[0m[31;40mtest/vfstest/vfstest.c:356 vfstest_paths(): Testing paths
[0m[31;40mtest/vfstest/vfstest.c:426 vfstest_fd(): Testing fd
[0m[31;40mtest/vfstest/vfstest.c:651 vfstest_open(): Testing open
[0m[31;40mtest/vfstest/vfstest.c:743 vfstest_read(): Testing read
[0m[31;40mtest/vfstest/vfstest.c:848 vfstest_getdents(): Testing getdents
[0m[31;40mtest/vfstest/vfstest.c:188 vfstest_term(): Removed test root directory: ./vfstest-505826665
[0m[31;40mtests completed:
[0m[31;40m		574 passed
[0m[31;40m		0 failed
[0m[31;40mtest/kshell/kshell.c:430 kshell_execute_next(): Attempting to execute command 'vfstest'
[0m[31;40mtest/vfstest/vfstest.c:175 vfstest_start(): Created test root directory: ./vfstest-1691935021
[0m[31;40mtest/vfstest/vfstest.c:238 vfstest_stat(): Testing stat
[0m[31;40mtest/vfstest/vfstest.c:317 vfstest_chdir(): Testing chdir
[0m[31;40mtest/vfstest/vfstest.c:269 vfstest_mkdir(): Testing mkdir
[0m[31;40mtest/vfstest/vfstest.c:356 vfstest_paths(): Testing paths
[0m[31;40mtest/vfstest/vfstest.c:426 vfstest_fd(): Testing fd
[0m[31;40mtest/vfstest/vfstest.c:651 vfstest_open(): Testing open
[0m[31;40mtest/vfstest/vfstest.c:743 vfstest_read(): Testing read
[0m[31;40mtest/vfstest/vfstest.c:848 vfstest_getdents(): Testing getdents
[0m[31;40mtest/vfstest/vfstest.c:188 vfstest_term(): Removed test root directory: ./vfstest-1691935021
[0m[31;40mtests completed:
[0m[31;40m		574 passed
[0m[31;40m		0 failed
[0m[31;40mtest/kshell/kshell.c:430 kshell_execute_next(): Attempting to execute command 'exit'
[0m[31;40mtest/kshell/kshell.c:129 kshell_destroy(): kshell with file descriptor 0 destroyed
[0mweenix: vfs shutdown...

weenix: halted cleanly!
]0;shirva@ubuntu: ~/kernel2/weenix/weenixshirva@ubuntu:~/kernel2/weenix/weenix$ ./weenix -n[K./weenix -n
/usr/bin/qemu-system-i386
[31;40mSIGNATURE: 53616c7465645f5f9ade479f080a13cde191339abdadbe2238932dcab71c0d91d3e822396c9e22c7a870af900fadc8f2
[0m[31;40mtest/kshell/kshell.c:82 kshell_add_command(): Added help command
[0m[31;40mtest/kshell/kshell.c:82 kshell_add_command(): Added echo command
[0m[31;40mtest/kshell/kshell.c:82 kshell_add_command(): Added cat command
[0m[31;40mtest/kshell/kshell.c:82 kshell_add_command(): Added ls command
[0m[31;40mtest/kshell/kshell.c:82 kshell_add_command(): Added cd command
[0m[31;40mtest/kshell/kshell.c:82 kshell_add_command(): Added rm command
[0m[31;40mtest/kshell/kshell.c:82 kshell_add_command(): Added link command
[0m[31;40mtest/kshell/kshell.c:82 kshell_add_command(): Added rmdir command
[0m[31;40mtest/kshell/kshell.c:82 kshell_add_command(): Added mkdir command
[0m[31;40mtest/kshell/kshell.c:82 kshell_add_command(): Added stat command
[0m[31;40mtest/kshell/kshell.c:82 kshell_add_command(): Added exit command
[0m[31;40mtest/kshell/kshell.c:82 kshell_add_command(): Added faber command
[0m[31;40mtest/kshell/kshell.c:82 kshell_add_command(): Added deadlock command
[0m[31;40mtest/kshell/kshell.c:82 kshell_add_command(): Added sunghan command
[0m[31;40mtest/kshell/kshell.c:82 kshell_add_command(): Added vfstest command
[0m[31;40mtest/kshell/kshell.c:82 kshell_add_command(): Added thrtest command
[0m[31;40mtest/kshell/kshell.c:82 kshell_add_command(): Added dirtest command
[0m[31;40mtest/kshell/kshell.c:117 kshell_create(): kshell successfully created on TTY 0
[0m[31;40mtest/kshell/kshell.c:430 kshell_execute_next(): Attempting to execute command 'dirtest'
[0m[31;40mtest/kshell/kshell.c:430 kshell_execute_next(): Attempting to execute command 'dirtest'
[0m[31;40mtest/kshell/kshell.c:430 kshell_execute_next(): Attempting to execute command 'dirtest'
[0m[31;40mtest/kshell/kshell.c:430 kshell_execute_next(): Attempting to execute command 'dirtest'
[0m[31;40mtest/kshell/kshell.c:430 kshell_execute_next(): Attempting to execute command 'exit'
[0m[31;40mtest/kshell/kshell.c:129 kshell_destroy(): kshell with file descriptor 0 destroyed
[0mweenix: vfs shutdown...

weenix: halted cleanly!
]0;shirva@ubuntu: ~/kernel2/weenix/weenixshirva@ubuntu:~/kernel2/weenix/weenix$ ./weenix -n[K./weenix -n
/usr/bin/qemu-system-i386
[31;40mSIGNATURE: 53616c7465645f5f9ade479f080a13cde191339abdadbe2238932dcab71c0d91d3e822396c9e22c7a870af900fadc8f2
[0m[31;40mtest/kshell/kshell.c:82 kshell_add_command(): Added help command
[0m[31;40mtest/kshell/kshell.c:82 kshell_add_command(): Added echo command
[0m[31;40mtest/kshell/kshell.c:82 kshell_add_command(): Added cat command
[0m[31;40mtest/kshell/kshell.c:82 kshell_add_command(): Added ls command
[0m[31;40mtest/kshell/kshell.c:82 kshell_add_command(): Added cd command
[0m[31;40mtest/kshell/kshell.c:82 kshell_add_command(): Added rm command
[0m[31;40mtest/kshell/kshell.c:82 kshell_add_command(): Added link command
[0m[31;40mtest/kshell/kshell.c:82 kshell_add_command(): Added rmdir command
[0m[31;40mtest/kshell/kshell.c:82 kshell_add_command(): Added mkdir command
[0m[31;40mtest/kshell/kshell.c:82 kshell_add_command(): Added stat command
[0m[31;40mtest/kshell/kshell.c:82 kshell_add_command(): Added exit command
[0m[31;40mtest/kshell/kshell.c:82 kshell_add_command(): Added faber command
[0m[31;40mtest/kshell/kshell.c:82 kshell_add_command(): Added deadlock command
[0m[31;40mtest/kshell/kshell.c:82 kshell_add_command(): Added sunghan command
[0m[31;40mtest/kshell/kshell.c:82 kshell_add_command(): Added vfstest command
[0m[31;40mtest/kshell/kshell.c:82 kshell_add_command(): Added thrtest command
[0m[31;40mtest/kshell/kshell.c:82 kshell_add_command(): Added dirtest command
[0m[31;40mtest/kshell/kshell.c:117 kshell_create(): kshell successfully created on TTY 0
[0m[31;40mtest/kshell/kshell.c:430 kshell_execute_next(): Attempting to execute command 'thrtest'
[0m[31;40mtest/kshell/kshell.c:430 kshell_execute_next(): Attempting to execute command 'thrtest'
[0m[31;40mtest/kshell/kshell.c:430 kshell_execute_next(): Attempting to execute command 'thrtest'
[0m[31;40mtest/kshell/kshell.c:430 kshell_execute_next(): Attempting to execute command 'thrtest'
[0m[31;40mtest/kshell/kshell.c:430 kshell_execute_next(): Attempting to execute command 'thrtest'
[0m[31;40mtest/kshell/kshell.c:430 kshell_execute_next(): Attempting to execute command 'thrtest'
[0m[31;40mtest/kshell/kshell.c:430 kshell_execute_next(): Attempting to execute command 'thrtest'
[0m[31;40mtest/kshell/kshell.c:430 kshell_execute_next(): Attempting to execute command 'thrtest'
[0m[31;40mtest/kshell/kshell.c:430 kshell_execute_next(): Attempting to execute command 'exit'
[0m[31;40mtest/kshell/kshell.c:129 kshell_destroy(): kshell with file descriptor 0 destroyed
[0mweenix: vfs shutdown...

weenix: halted cleanly!
]0;shirva@ubuntu: ~/kernel2/weenix/weenixshirva@ubuntu:~/kernel2/weenix/weenix$ make
make[1]: Entering directory `/home/shirva/kernel2/weenix/weenix/kernel'
  Compiling "kernel/fs/vfs_syscall.c"...
fs/vfs_syscall.c: In function â€˜do_mknodâ€™:
fs/vfs_syscall.c:334:17: error: expected â€˜;â€™ before â€˜errâ€™
                 err=lookup(dir, name, namelen, &res);
                 ^
fs/vfs_syscall.c:327:21: warning: variable â€˜errorâ€™ set but not used [-Wunused-but-set-variable]
                 int error,err;
                     ^
fs/vfs_syscall.c:373:1: warning: control reaches end of non-void function [-Wreturn-type]
 }
 ^
make[1]: *** [fs/vfs_syscall.o] Error 1
make[1]: Leaving directory `/home/shirva/kernel2/weenix/weenix/kernel'
make: *** [all_kernel] Error 2
]0;shirva@ubuntu: ~/kernel2/weenix/weenixshirva@ubuntu:~/kernel2/weenix/weenix$ make
make[1]: Entering directory `/home/shirva/kernel2/weenix/weenix/kernel'
  Compiling "kernel/fs/vfs_syscall.c"...
fs/vfs_syscall.c: In function â€˜do_mknodâ€™:
fs/vfs_syscall.c:334:17: error: expected â€˜;â€™ before â€˜errâ€™
                 err=lookup(dir, name, namelen, &res);
                 ^
make[1]: *** [fs/vfs_syscall.o] Error 1
make[1]: Leaving directory `/home/shirva/kernel2/weenix/weenix/kernel'
make: *** [all_kernel] Error 2
]0;shirva@ubuntu: ~/kernel2/weenix/weenixshirva@ubuntu:~/kernel2/weenix/weenix$ make
make[1]: Entering directory `/home/shirva/kernel2/weenix/weenix/kernel'
  Compiling "kernel/fs/vfs_syscall.c"...
  Compiling "kernel/fs/vnode.c"...
fs/vnode.c: In function â€˜special_file_readâ€™:
fs/vnode.c:485:1: warning: control reaches end of non-void function [-Wreturn-type]
 }
 ^
fs/vnode.c: In function â€˜special_file_writeâ€™:
fs/vnode.c:514:1: warning: control reaches end of non-void function [-Wreturn-type]
 }
 ^
  Linking for "kernel/weenix.dbg"...
  Generating kernel symbols list...
  Setting addresses for kernel stage 1 and stage 2...
  Creating floppy disk image from kernel binary...
  Creating "kernel/weenix.iso" from floppy disk image...
make[1]: Leaving directory `/home/shirva/kernel2/weenix/weenix/kernel'
make[1]: Entering directory `/home/shirva/kernel2/weenix/weenix/user'
make[1]: Nothing to be done for `all'.
make[1]: Leaving directory `/home/shirva/kernel2/weenix/weenix/user'
]0;shirva@ubuntu: ~/kernel2/weenix/weenixshirva@ubuntu:~/kernel2/weenix/weenix$ make[K[K[K[Kmake
make[1]: Entering directory `/home/shirva/kernel2/weenix/weenix/kernel'
  Compiling "kernel/fs/namev.c"...
  Compiling "kernel/fs/open.c"...
  Compiling "kernel/fs/vnode.c"...
  Linking for "kernel/weenix.dbg"...
  Generating kernel symbols list...
  Setting addresses for kernel stage 1 and stage 2...
  Creating floppy disk image from kernel binary...
  Creating "kernel/weenix.iso" from floppy disk image...
make[1]: Leaving directory `/home/shirva/kernel2/weenix/weenix/kernel'
make[1]: Entering directory `/home/shirva/kernel2/weenix/weenix/user'
make[1]: Nothing to be done for `all'.
make[1]: Leaving directory `/home/shirva/kernel2/weenix/weenix/user'
]0;shirva@ubuntu: ~/kernel2/weenix/weenixshirva@ubuntu:~/kernel2/weenix/weenix$ make./weenix -n
/usr/bin/qemu-system-i386
[31;40mSIGNATURE: 53616c7465645f5f9ade479f080a13cde191339abdadbe2238932dcab71c0d91d3e822396c9e22c7a870af900fadc8f2
[0m[31;40mtest/kshell/kshell.c:82 kshell_add_command(): Added help command
[0m[31;40mtest/kshell/kshell.c:82 kshell_add_command(): Added echo command
[0m[31;40mtest/kshell/kshell.c:82 kshell_add_command(): Added cat command
[0m[31;40mtest/kshell/kshell.c:82 kshell_add_command(): Added ls command
[0m[31;40mtest/kshell/kshell.c:82 kshell_add_command(): Added cd command
[0m[31;40mtest/kshell/kshell.c:82 kshell_add_command(): Added rm command
[0m[31;40mtest/kshell/kshell.c:82 kshell_add_command(): Added link command
[0m[31;40mtest/kshell/kshell.c:82 kshell_add_command(): Added rmdir command
[0m[31;40mtest/kshell/kshell.c:82 kshell_add_command(): Added mkdir command
[0m[31;40mtest/kshell/kshell.c:82 kshell_add_command(): Added stat command
[0m[31;40mtest/kshell/kshell.c:82 kshell_add_command(): Added exit command
[0m[31;40mtest/kshell/kshell.c:82 kshell_add_command(): Added faber command
[0m[31;40mtest/kshell/kshell.c:82 kshell_add_command(): Added deadlock command
[0m[31;40mtest/kshell/kshell.c:82 kshell_add_command(): Added sunghan command
[0m[31;40mtest/kshell/kshell.c:82 kshell_add_command(): Added vfstest command
[0m[31;40mtest/kshell/kshell.c:82 kshell_add_command(): Added thrtest command
[0m[31;40mtest/kshell/kshell.c:82 kshell_add_command(): Added dirtest command
[0m[31;40mtest/kshell/kshell.c:117 kshell_create(): kshell successfully created on TTY 0
[0m[31;40mtest/kshell/kshell.c:430 kshell_execute_next(): Attempting to execute command 'exit'
[0m[31;40mtest/kshell/kshell.c:129 kshell_destroy(): kshell with file descriptor 0 destroyed
[0mweenix: vfs shutdown...

weenix: halted cleanly!
]0;shirva@ubuntu: ~/kernel2/weenix/weenixshirva@ubuntu:~/kernel2/weenix/weenix$ ./weenix -n[7Pmake./weenix -n
/usr/bin/qemu-system-i386
[31;40mSIGNATURE: 53616c7465645f5f9ade479f080a13cde191339abdadbe2238932dcab71c0d91d3e822396c9e22c7a870af900fadc8f2
[0m[31;40mtest/kshell/kshell.c:82 kshell_add_command(): Added help command
[0m[31;40mtest/kshell/kshell.c:82 kshell_add_command(): Added echo command
[0m[31;40mtest/kshell/kshell.c:82 kshell_add_command(): Added cat command
[0m[31;40mtest/kshell/kshell.c:82 kshell_add_command(): Added ls command
[0m[31;40mtest/kshell/kshell.c:82 kshell_add_command(): Added cd command
[0m[31;40mtest/kshell/kshell.c:82 kshell_add_command(): Added rm command
[0m[31;40mtest/kshell/kshell.c:82 kshell_add_command(): Added link command
[0m[31;40mtest/kshell/kshell.c:82 kshell_add_command(): Added rmdir command
[0m[31;40mtest/kshell/kshell.c:82 kshell_add_command(): Added mkdir command
[0m[31;40mtest/kshell/kshell.c:82 kshell_add_command(): Added stat command
[0m[31;40mtest/kshell/kshell.c:82 kshell_add_command(): Added exit command
[0m[31;40mtest/kshell/kshell.c:82 kshell_add_command(): Added faber command
[0m[31;40mtest/kshell/kshell.c:82 kshell_add_command(): Added deadlock command
[0m[31;40mtest/kshell/kshell.c:82 kshell_add_command(): Added sunghan command
[0m[31;40mtest/kshell/kshell.c:82 kshell_add_command(): Added vfstest command
[0m[31;40mtest/kshell/kshell.c:82 kshell_add_command(): Added thrtest command
[0m[31;40mtest/kshell/kshell.c:82 kshell_add_command(): Added dirtest command
[0m[31;40mtest/kshell/kshell.c:117 kshell_create(): kshell successfully created on TTY 0
[0m[31;40mtest/kshell/kshell.c:430 kshell_execute_next(): Attempting to execute command 'vfstest'
[0m[31;40mtest/vfstest/vfstest.c:175 vfstest_start(): Created test root directory: ./vfstest-505826665
[0m[31;40mtest/vfstest/vfstest.c:238 vfstest_stat(): Testing stat
[0m[31;40mtest/vfstest/vfstest.c:317 vfstest_chdir(): Testing chdir
[0m[31;40mtest/vfstest/vfstest.c:269 vfstest_mkdir(): Testing mkdir
[0m[31;40mtest/vfstest/vfstest.c:356 vfstest_paths(): Testing paths
[0m[31;40mtest/vfstest/vfstest.c:426 vfstest_fd(): Testing fd
[0m[31;40mtest/vfstest/vfstest.c:651 vfstest_open(): Testing open
[0m[31;40mtest/vfstest/vfstest.c:743 vfstest_read(): Testing read
[0m[31;40mtest/vfstest/vfstest.c:848 vfstest_getdents(): Testing getdents
[0m[31;40mtest/vfstest/vfstest.c:188 vfstest_term(): Removed test root directory: ./vfstest-505826665
[0m[31;40mtests completed:
[0m[31;40m		574 passed
[0m[31;40m		0 failed
[0m[31;40mtest/kshell/kshell.c:430 kshell_execute_next(): Attempting to execute command 'vfstest'
[0m[31;40mtest/vfstest/vfstest.c:175 vfstest_start(): Created test root directory: ./vfstest-1691935021
[0m[31;40mtest/vfstest/vfstest.c:238 vfstest_stat(): Testing stat
[0m[31;40mtest/vfstest/vfstest.c:317 vfstest_chdir(): Testing chdir
[0m[31;40mtest/vfstest/vfstest.c:269 vfstest_mkdir(): Testing mkdir
[0m[31;40mtest/vfstest/vfstest.c:356 vfstest_paths(): Testing paths
[0m[31;40mtest/vfstest/vfstest.c:426 vfstest_fd(): Testing fd
[0m[31;40mtest/vfstest/vfstest.c:651 vfstest_open(): Testing open
[0m[31;40mtest/vfstest/vfstest.c:743 vfstest_read(): Testing read
[0m[31;40mtest/vfstest/vfstest.c:848 vfstest_getdents(): Testing getdents
[0m[31;40mtest/vfstest/vfstest.c:188 vfstest_term(): Removed test root directory: ./vfstest-1691935021
[0m[31;40mtests completed:
[0m[31;40m		574 passed
[0m[31;40m		0 failed
[0m[31;40mtest/kshell/kshell.c:430 kshell_execute_next(): Attempting to execute command 'exit'
[0m[31;40mtest/kshell/kshell.c:129 kshell_destroy(): kshell with file descriptor 0 destroyed
[0mweenix: vfs shutdown...

weenix: halted cleanly!
]0;shirva@ubuntu: ~/kernel2/weenix/weenixshirva@ubuntu:~/kernel2/weenix/weenix$ ./weenix -n[7Pmake./weenix -n
/usr/bin/qemu-system-i386
[31;40mSIGNATURE: 53616c7465645f5f9ade479f080a13cde191339abdadbe2238932dcab71c0d91d3e822396c9e22c7a870af900fadc8f2
[0m[31;40mtest/kshell/kshell.c:82 kshell_add_command(): Added help command
[0m[31;40mtest/kshell/kshell.c:82 kshell_add_command(): Added echo command
[0m[31;40mtest/kshell/kshell.c:82 kshell_add_command(): Added cat command
[0m[31;40mtest/kshell/kshell.c:82 kshell_add_command(): Added ls command
[0m[31;40mtest/kshell/kshell.c:82 kshell_add_command(): Added cd command
[0m[31;40mtest/kshell/kshell.c:82 kshell_add_command(): Added rm command
[0m[31;40mtest/kshell/kshell.c:82 kshell_add_command(): Added link command
[0m[31;40mtest/kshell/kshell.c:82 kshell_add_command(): Added rmdir command
[0m[31;40mtest/kshell/kshell.c:82 kshell_add_command(): Added mkdir command
[0m[31;40mtest/kshell/kshell.c:82 kshell_add_command(): Added stat command
[0m[31;40mtest/kshell/kshell.c:82 kshell_add_command(): Added exit command
[0m[31;40mtest/kshell/kshell.c:82 kshell_add_command(): Added faber command
[0m[31;40mtest/kshell/kshell.c:82 kshell_add_command(): Added deadlock command
[0m[31;40mtest/kshell/kshell.c:82 kshell_add_command(): Added sunghan command
[0m[31;40mtest/kshell/kshell.c:82 kshell_add_command(): Added vfstest command
[0m[31;40mtest/kshell/kshell.c:82 kshell_add_command(): Added thrtest command
[0m[31;40mtest/kshell/kshell.c:82 kshell_add_command(): Added dirtest command
[0m[31;40mtest/kshell/kshell.c:117 kshell_create(): kshell successfully created on TTY 0
[0m[31;40mtest/kshell/kshell.c:430 kshell_execute_next(): Attempting to execute command 'thrtest'
[0m[31;40mtest/kshell/kshell.c:430 kshell_execute_next(): Attempting to execute command 'thrtest'
[0m[31;40mtest/kshell/kshell.c:430 kshell_execute_next(): Attempting to execute command 'thrtest'
[0m[31;40mtest/kshell/kshell.c:430 kshell_execute_next(): Attempting to execute command 'thrtest'
[0m[31;40mtest/kshell/kshell.c:430 kshell_execute_next(): Attempting to execute command 'thrtest'
[0m[31;40mtest/kshell/kshell.c:430 kshell_execute_next(): Attempting to execute command 'thrtest'
[0m[31;40mtest/kshell/kshell.c:430 kshell_execute_next(): Attempting to execute command 'thrtest'
[0m[31;40mtest/kshell/kshell.c:430 kshell_execute_next(): Attempting to execute command 'thrtest'
[0m[31;40mtest/kshell/kshell.c:430 kshell_execute_next(): Attempting to execute command 'exit'
[0m[31;40mtest/kshell/kshell.c:129 kshell_destroy(): kshell with file descriptor 0 destroyed
[0mweenix: vfs shutdown...

weenix: halted cleanly!
]0;shirva@ubuntu: ~/kernel2/weenix/weenixshirva@ubuntu:~/kernel2/weenix/weenix$ ./weenix -n[7Pmake./weenix -n
/usr/bin/qemu-system-i386
[31;40mSIGNATURE: 53616c7465645f5f9ade479f080a13cde191339abdadbe2238932dcab71c0d91d3e822396c9e22c7a870af900fadc8f2
[0m[31;40mtest/kshell/kshell.c:82 kshell_add_command(): Added help command
[0m[31;40mtest/kshell/kshell.c:82 kshell_add_command(): Added echo command
[0m[31;40mtest/kshell/kshell.c:82 kshell_add_command(): Added cat command
[0m[31;40mtest/kshell/kshell.c:82 kshell_add_command(): Added ls command
[0m[31;40mtest/kshell/kshell.c:82 kshell_add_command(): Added cd command
[0m[31;40mtest/kshell/kshell.c:82 kshell_add_command(): Added rm command
[0m[31;40mtest/kshell/kshell.c:82 kshell_add_command(): Added link command
[0m[31;40mtest/kshell/kshell.c:82 kshell_add_command(): Added rmdir command
[0m[31;40mtest/kshell/kshell.c:82 kshell_add_command(): Added mkdir command
[0m[31;40mtest/kshell/kshell.c:82 kshell_add_command(): Added stat command
[0m[31;40mtest/kshell/kshell.c:82 kshell_add_command(): Added exit command
[0m[31;40mtest/kshell/kshell.c:82 kshell_add_command(): Added faber command
[0m[31;40mtest/kshell/kshell.c:82 kshell_add_command(): Added deadlock command
[0m[31;40mtest/kshell/kshell.c:82 kshell_add_command(): Added sunghan command
[0m[31;40mtest/kshell/kshell.c:82 kshell_add_command(): Added vfstest command
[0m[31;40mtest/stest_mkdir(): Testing mkdir
[0m[31;40mtest/vfstest/vfstest.c:356 vfstest_paths(): Testing paths
[0m[31;40mtest/vfstest/vfstest.c:426 vfstest_fd(): Testing fd
[0m[31;40mtest/vfstest/vfstest.c:651 vfstest_open(): Testing open
[0m[31;40mtest/vfstest/vfstest.c:743 vfstest_read(): Testing read
[0m[31;40mtest/vfstest/vfstest.c:848 vfstest_getdents(): Testing getdents
[0m[31;40mtest/vfstest/vfstest.c:188 vfstest_term(): Removed test root directory: ./vfstest-505826665
[0m[31;40mtests completed:
[0m[31;40m		574 passed
[0m[31;40m		0 failed
[0m[31;40mtest/kshell/kshell.c:430 kshell_execute_next(): Attempting to execute command 'vfstest'
[0m[31;40mtest/vfstest/vfstest.c:175 vfstest_start(): Created test root directory: ./vfstest-1691935021
[0m[31;40mtest/vfstest/vfstest.c:238 vfstest_stat(): Testing stat
[0m[31;40mtest/vfstest/vfstest.c:317 vfstest_chdir(): Testing chdir
[0m[31;40mtest/vfstest/vfstest.c:269 vfstest_mkdir(): Testing mkdir
[0m[31;40mtest/vfstest/vfstest.c:356 vfstest_paths(): Testing paths
[0m[31;40mtest/vfstest/vfstest.c:426 vfstest_fd(): Testing fd
[0m[31;40mtest/vfstest/vfstest.c:651 vfstest_open(): Testing open
[0m[31;40mtest/vfstest/vfstest.c:743 vfstest_read(): Testing read
[0m[31;40mtest/vfstest/vfstest.c:848 vfstest_getdents(): Testing getdents
[0m[31;40mtest/vfstest/vfstest.c:188 vfstest_term(): Removed test root directory: ./vfstest-1691935021
[0m[31;40mtests completed:
[0m[31;40m		574 passed
[0m[31;40m		0 failed
[0m[31;40mtest/kshell/kshell.c:430 kshell_execute_next(): Attempting to execute command 'exit'
[0m[31;40mtest/kshell/kshell.c:129 kshell_destroy(): kshell with file descriptor 0 destroyed
[0mweenix: vfs shutdown...

weenix: halted cleanly!
]0;shirva@ubuntu: ~/kernel2/weenix/weenixshirva@ubuntu:~/kernel2/weenix/weenix$ ./weenix -n[7Pmake./weenix -n
/usr/bin/qemu-system-i386
[31;40mSIGNATURE: 53616c7465645f5f9ade479f080a13cde191339abdadbe2238932dcab71c0d91d3e822396c9e22c7a870af900fadc8f2
[0m[31;40mtest/kshell/kshell.c:82 kshell_add_command(): Added help command
[0m[31;40mtest/kshell/kshell.c:82 kshell_add_command(): Added echo command
[0m[31;40mtest/kshell/kshell.c:82 kshell_add_command(): Added cat command
[0m[31;40mtest/kshell/kshell.c:82 kshell_add_command(): Added ls command
[0m[31;40mtest/kshell/kshell.c:82 kshell_add_command(): Added cd command
[0m[31;40mtest/kshell/kshell.c:82 kshell_add_command(): Added rm command
[0m[31;40mtest/kshell/kshell.c:82 kshell_add_command(): Added link command
[0m[31;40mtest/kshell/kshell.c:82 kshell_add_command(): Added rmdir command
[0m[31;40mtest/kshell/kshell.c:82 kshell_add_command(): Added mkdir command
[0m[31;40mtest/kshell/kshell.c:82 kshell_add_command(): Added stat command
[0m[31;40mtest/kshell/kshell.c:82 kshell_add_command(): Added exit command
[0m[31;40mtest/kshell/kshell.c:82 kshell_add_command(): Added faber command
[0m[31;40mtest/kshell/kshell.c:82 kshell_add_command(): Added deadlock command
[0m[31;40mtest/kshell/kshell.c:82 kshell_add_command(): Added sunghan command
[0m[31;40mtest/kshell/kshell.c:82 kshell_add_command(): Added vfstest command
[0m[31;40mtest/kshell/kshell.c:82 kshell_add_command(): Added thrtest command
[0m[31;40mtest/kshell/kshell.c:82 kshell_add_command(): Added dirtest command
[0m[31;40mtest/kshell/kshell.c:117 kshell_create(): kshell successfully created on TTY 0
[0m[31;40mtest/kshell/kshell.c:430 kshell_execute_next(): Attempting to execute command 'thrtest'
[0m[31;40mtest/kshell/kshell.c:430 kshell_execute_next(): Attempting to execute command 'thrtest'
[0m[31;40mtest/kshell/kshell.c:430 kshell_execute_next(): Attempting to execute command 'thrtest'
[0m[31;40mtest/kshell/kshell.c:430 kshell_execute_next(): Attempting to execute command 'thrtest'
[0m[31;40mtest/kshell/kshell.c:430 kshell_execute_next(): Attempting to execute command 'thrtest'
[0m[31;40mtest/kshell/kshell.c:430 kshell_execute_next(): Attempting to execute command 'thrtest'
[0m[31;40mtes